This file contains any messages produced by compilers while
running configure, to aid debugging if configure makes a mistake.

It was created by pHash configure 0.9.6, which was
generated by GNU Autoconf 2.69.  Invocation command line was

  $ ./configure --no-create --no-recursion

## --------- ##
## Platform. ##
## --------- ##

hostname = hss
uname -m = x86_64
uname -r = 5.1.0-18.1-liquorix-amd64
uname -s = Linux
uname -v = #1 ZEN SMP PREEMPT liquorix 5.1-22ubuntu1~bionic (2019-07-14)

/usr/bin/uname -p = unknown
/bin/uname -X     = unknown

/bin/arch              = unknown
/usr/bin/arch -k       = unknown
/usr/convex/getsysinfo = unknown
/usr/bin/hostinfo      = unknown
/bin/machine           = unknown
/usr/bin/oslevel       = unknown
/bin/universe          = unknown

PATH: /home/vesh/root/bin
PATH: /home/vesh/.local/bin
PATH: /usr/local/sbin
PATH: /usr/local/bin
PATH: /usr/sbin
PATH: /usr/bin
PATH: /sbin
PATH: /bin
PATH: /usr/games
PATH: /usr/local/games
PATH: /snap/bin


## ----------- ##
## Core tests. ##
## ----------- ##

configure:2643: checking for a BSD-compatible install
configure:2711: result: /usr/bin/install -c
configure:2722: checking whether build environment is sane
configure:2777: result: yes
configure:2815: WARNING: 'missing' script is too old or missing
configure:2928: checking for a thread-safe mkdir -p
configure:2967: result: /bin/mkdir -p
configure:2974: checking for gawk
configure:3004: result: no
configure:2974: checking for mawk
configure:2990: found /usr/bin/mawk
configure:3001: result: mawk
configure:3012: checking whether make sets $(MAKE)
configure:3034: result: yes
configure:3063: checking whether make supports nested variables
configure:3080: result: yes
configure:3370: checking for g++
configure:3386: found /usr/bin/g++
configure:3397: result: g++
configure:3424: checking for C++ compiler version
configure:3433: g++ --version >&5
g++ (Ubuntu 7.4.0-1ubuntu1~18.04.1) 7.4.0
Copyright (C) 2017 Free Software Foundation, Inc.
This is free software; see the source for copying conditions.  There is NO
warranty; not even for MERCHANTABILITY or FITNESS FOR A PARTICULAR PURPOSE.

configure:3444: $? = 0
configure:3433: g++ -v >&5
Using built-in specs.
COLLECT_GCC=g++
COLLECT_LTO_WRAPPER=/usr/lib/gcc/x86_64-linux-gnu/7/lto-wrapper
OFFLOAD_TARGET_NAMES=nvptx-none
OFFLOAD_TARGET_DEFAULT=1
Target: x86_64-linux-gnu
Configured with: ../src/configure -v --with-pkgversion='Ubuntu 7.4.0-1ubuntu1~18.04.1' --with-bugurl=file:///usr/share/doc/gcc-7/README.Bugs --enable-languages=c,ada,c++,go,brig,d,fortran,objc,obj-c++ --prefix=/usr --with-gcc-major-version-only --program-suffix=-7 --program-prefix=x86_64-linux-gnu- --enable-shared --enable-linker-build-id --libexecdir=/usr/lib --without-included-gettext --enable-threads=posix --libdir=/usr/lib --enable-nls --with-sysroot=/ --enable-clocale=gnu --enable-libstdcxx-debug --enable-libstdcxx-time=yes --with-default-libstdcxx-abi=new --enable-gnu-unique-object --disable-vtable-verify --enable-libmpx --enable-plugin --enable-default-pie --with-system-zlib --with-target-system-zlib --enable-objc-gc=auto --enable-multiarch --disable-werror --with-arch-32=i686 --with-abi=m64 --with-multilib-list=m32,m64,mx32 --enable-multilib --with-tune=generic --enable-offload-targets=nvptx-none --without-cuda-driver --enable-checking=release --build=x86_64-linux-gnu --host=x86_64-linux-gnu --target=x86_64-linux-gnu
Thread model: posix
gcc version 7.4.0 (Ubuntu 7.4.0-1ubuntu1~18.04.1) 
configure:3444: $? = 0
configure:3433: g++ -V >&5
g++: error: unrecognized command line option '-V'
g++: fatal error: no input files
compilation terminated.
configure:3444: $? = 1
configure:3433: g++ -qversion >&5
g++: error: unrecognized command line option '-qversion'; did you mean '--version'?
g++: fatal error: no input files
compilation terminated.
configure:3444: $? = 1
configure:3464: checking whether the C++ compiler works
configure:3486: g++    conftest.cpp  >&5
configure:3490: $? = 0
configure:3538: result: yes
configure:3541: checking for C++ compiler default output file name
configure:3543: result: a.out
configure:3549: checking for suffix of executables
configure:3556: g++ -o conftest    conftest.cpp  >&5
configure:3560: $? = 0
configure:3582: result: 
configure:3604: checking whether we are cross compiling
configure:3612: g++ -o conftest    conftest.cpp  >&5
configure:3616: $? = 0
configure:3623: ./conftest
configure:3627: $? = 0
configure:3642: result: no
configure:3647: checking for suffix of object files
configure:3669: g++ -c   conftest.cpp >&5
configure:3673: $? = 0
configure:3694: result: o
configure:3698: checking whether we are using the GNU C++ compiler
configure:3717: g++ -c   conftest.cpp >&5
configure:3717: $? = 0
configure:3726: result: yes
configure:3735: checking whether g++ accepts -g
configure:3755: g++ -c -g  conftest.cpp >&5
configure:3755: $? = 0
configure:3796: result: yes
configure:3830: checking for style of include used by make
configure:3858: result: GNU
configure:3884: checking dependency style of g++
configure:3995: result: gcc3
configure:4058: checking for gcc
configure:4074: found /usr/bin/gcc
configure:4085: result: gcc
configure:4314: checking for C compiler version
configure:4323: gcc --version >&5
gcc (Ubuntu 7.4.0-1ubuntu1~18.04.1) 7.4.0
Copyright (C) 2017 Free Software Foundation, Inc.
This is free software; see the source for copying conditions.  There is NO
warranty; not even for MERCHANTABILITY or FITNESS FOR A PARTICULAR PURPOSE.

configure:4334: $? = 0
configure:4323: gcc -v >&5
Using built-in specs.
COLLECT_GCC=gcc
COLLECT_LTO_WRAPPER=/usr/lib/gcc/x86_64-linux-gnu/7/lto-wrapper
OFFLOAD_TARGET_NAMES=nvptx-none
OFFLOAD_TARGET_DEFAULT=1
Target: x86_64-linux-gnu
Configured with: ../src/configure -v --with-pkgversion='Ubuntu 7.4.0-1ubuntu1~18.04.1' --with-bugurl=file:///usr/share/doc/gcc-7/README.Bugs --enable-languages=c,ada,c++,go,brig,d,fortran,objc,obj-c++ --prefix=/usr --with-gcc-major-version-only --program-suffix=-7 --program-prefix=x86_64-linux-gnu- --enable-shared --enable-linker-build-id --libexecdir=/usr/lib --without-included-gettext --enable-threads=posix --libdir=/usr/lib --enable-nls --with-sysroot=/ --enable-clocale=gnu --enable-libstdcxx-debug --enable-libstdcxx-time=yes --with-default-libstdcxx-abi=new --enable-gnu-unique-object --disable-vtable-verify --enable-libmpx --enable-plugin --enable-default-pie --with-system-zlib --with-target-system-zlib --enable-objc-gc=auto --enable-multiarch --disable-werror --with-arch-32=i686 --with-abi=m64 --with-multilib-list=m32,m64,mx32 --enable-multilib --with-tune=generic --enable-offload-targets=nvptx-none --without-cuda-driver --enable-checking=release --build=x86_64-linux-gnu --host=x86_64-linux-gnu --target=x86_64-linux-gnu
Thread model: posix
gcc version 7.4.0 (Ubuntu 7.4.0-1ubuntu1~18.04.1) 
configure:4334: $? = 0
configure:4323: gcc -V >&5
gcc: error: unrecognized command line option '-V'
gcc: fatal error: no input files
compilation terminated.
configure:4334: $? = 1
configure:4323: gcc -qversion >&5
gcc: error: unrecognized command line option '-qversion'; did you mean '--version'?
gcc: fatal error: no input files
compilation terminated.
configure:4334: $? = 1
configure:4338: checking whether we are using the GNU C compiler
configure:4357: gcc -c   conftest.c >&5
configure:4357: $? = 0
configure:4366: result: yes
configure:4375: checking whether gcc accepts -g
configure:4395: gcc -c -g  conftest.c >&5
configure:4395: $? = 0
configure:4436: result: yes
configure:4453: checking for gcc option to accept ISO C89
configure:4516: gcc  -c -g -O2  conftest.c >&5
configure:4516: $? = 0
configure:4529: result: none needed
configure:4554: checking whether gcc understands -c and -o together
configure:4576: gcc -c conftest.c -o conftest2.o
configure:4579: $? = 0
configure:4576: gcc -c conftest.c -o conftest2.o
configure:4579: $? = 0
configure:4591: result: yes
configure:4610: checking dependency style of gcc
configure:4721: result: gcc3
configure:4738: checking for /etc/gentoo-release
configure:4751: result: no
configure:4757: checking for /etc/redhat-release
configure:4770: result: no
configure:4776: checking for /etc/slackware-version
configure:4789: result: no
configure:4795: checking for /etc/debian_version
configure:4808: result: yes
configure:4814: checking for /etc/SuSErelease
configure:4827: result: no
configure:4846: checking build system type
configure:4860: result: x86_64-unknown-linux-gnu
configure:4880: checking host system type
configure:4893: result: x86_64-unknown-linux-gnu
configure:5085: checking for the pthreads library -lpthreads
configure:5123: gcc -o conftest -g -O2    conftest.c -lpthreads  >&5
/usr/bin/ld: cannot find -lpthreads
collect2: error: ld returned 1 exit status
configure:5123: $? = 1
configure: failed program was:
| /* confdefs.h */
| #define PACKAGE_NAME "pHash"
| #define PACKAGE_TARNAME "phash"
| #define PACKAGE_VERSION "0.9.6"
| #define PACKAGE_STRING "pHash 0.9.6"
| #define PACKAGE_BUGREPORT "support@phash.org"
| #define PACKAGE_URL ""
| #define PACKAGE "pHash"
| #define VERSION "0.9.6"
| /* end confdefs.h.  */
| #include <pthread.h>
| 	             static void routine(void* a) {a=0;}
| 	             static void* start_routine(void* a) {return a;}
| int
| main ()
| {
| pthread_t th; pthread_attr_t attr;
|                      pthread_join(th, 0);
|                      pthread_attr_init(&attr);
|                      pthread_cleanup_push(routine, 0);
|                      pthread_create(&th,0,start_routine,0);
|                      pthread_cleanup_pop(0);
|   ;
|   return 0;
| }
configure:5132: result: no
configure:5030: checking whether pthreads work without any flags
configure:5123: gcc -o conftest -g -O2    conftest.c   >&5
/tmp/ccaujKss.o: In function `main':
/home/vesh/a/multimedia/pHash/conftest.c:18: undefined reference to `pthread_join'
/home/vesh/a/multimedia/pHash/conftest.c:20: undefined reference to `__pthread_register_cancel'
/home/vesh/a/multimedia/pHash/conftest.c:21: undefined reference to `pthread_create'
/home/vesh/a/multimedia/pHash/conftest.c:22: undefined reference to `__pthread_unregister_cancel'
collect2: error: ld returned 1 exit status
configure:5123: $? = 1
configure: failed program was:
| /* confdefs.h */
| #define PACKAGE_NAME "pHash"
| #define PACKAGE_TARNAME "phash"
| #define PACKAGE_VERSION "0.9.6"
| #define PACKAGE_STRING "pHash 0.9.6"
| #define PACKAGE_BUGREPORT "support@phash.org"
| #define PACKAGE_URL ""
| #define PACKAGE "pHash"
| #define VERSION "0.9.6"
| /* end confdefs.h.  */
| #include <pthread.h>
| 	             static void routine(void* a) {a=0;}
| 	             static void* start_routine(void* a) {return a;}
| int
| main ()
| {
| pthread_t th; pthread_attr_t attr;
|                      pthread_join(th, 0);
|                      pthread_attr_init(&attr);
|                      pthread_cleanup_push(routine, 0);
|                      pthread_create(&th,0,start_routine,0);
|                      pthread_cleanup_pop(0);
|   ;
|   return 0;
| }
configure:5132: result: no
configure:5035: checking whether pthreads work with -Kthread
configure:5123: gcc -o conftest -g -O2 -Kthread   conftest.c   >&5
gcc: error: unrecognized command line option '-Kthread'; did you mean '-pthread'?
configure:5123: $? = 1
configure: failed program was:
| /* confdefs.h */
| #define PACKAGE_NAME "pHash"
| #define PACKAGE_TARNAME "phash"
| #define PACKAGE_VERSION "0.9.6"
| #define PACKAGE_STRING "pHash 0.9.6"
| #define PACKAGE_BUGREPORT "support@phash.org"
| #define PACKAGE_URL ""
| #define PACKAGE "pHash"
| #define VERSION "0.9.6"
| /* end confdefs.h.  */
| #include <pthread.h>
| 	             static void routine(void* a) {a=0;}
| 	             static void* start_routine(void* a) {return a;}
| int
| main ()
| {
| pthread_t th; pthread_attr_t attr;
|                      pthread_join(th, 0);
|                      pthread_attr_init(&attr);
|                      pthread_cleanup_push(routine, 0);
|                      pthread_create(&th,0,start_routine,0);
|                      pthread_cleanup_pop(0);
|   ;
|   return 0;
| }
configure:5132: result: no
configure:5035: checking whether pthreads work with -kthread
configure:5123: gcc -o conftest -g -O2 -kthread   conftest.c   >&5
gcc: error: unrecognized command line option '-kthread'; did you mean '-pthread'?
configure:5123: $? = 1
configure: failed program was:
| /* confdefs.h */
| #define PACKAGE_NAME "pHash"
| #define PACKAGE_TARNAME "phash"
| #define PACKAGE_VERSION "0.9.6"
| #define PACKAGE_STRING "pHash 0.9.6"
| #define PACKAGE_BUGREPORT "support@phash.org"
| #define PACKAGE_URL ""
| #define PACKAGE "pHash"
| #define VERSION "0.9.6"
| /* end confdefs.h.  */
| #include <pthread.h>
| 	             static void routine(void* a) {a=0;}
| 	             static void* start_routine(void* a) {return a;}
| int
| main ()
| {
| pthread_t th; pthread_attr_t attr;
|                      pthread_join(th, 0);
|                      pthread_attr_init(&attr);
|                      pthread_cleanup_push(routine, 0);
|                      pthread_create(&th,0,start_routine,0);
|                      pthread_cleanup_pop(0);
|   ;
|   return 0;
| }
configure:5132: result: no
configure:5085: checking for the pthreads library -llthread
configure:5123: gcc -o conftest -g -O2    conftest.c -llthread  >&5
/usr/bin/ld: cannot find -llthread
collect2: error: ld returned 1 exit status
configure:5123: $? = 1
configure: failed program was:
| /* confdefs.h */
| #define PACKAGE_NAME "pHash"
| #define PACKAGE_TARNAME "phash"
| #define PACKAGE_VERSION "0.9.6"
| #define PACKAGE_STRING "pHash 0.9.6"
| #define PACKAGE_BUGREPORT "support@phash.org"
| #define PACKAGE_URL ""
| #define PACKAGE "pHash"
| #define VERSION "0.9.6"
| /* end confdefs.h.  */
| #include <pthread.h>
| 	             static void routine(void* a) {a=0;}
| 	             static void* start_routine(void* a) {return a;}
| int
| main ()
| {
| pthread_t th; pthread_attr_t attr;
|                      pthread_join(th, 0);
|                      pthread_attr_init(&attr);
|                      pthread_cleanup_push(routine, 0);
|                      pthread_create(&th,0,start_routine,0);
|                      pthread_cleanup_pop(0);
|   ;
|   return 0;
| }
configure:5132: result: no
configure:5035: checking whether pthreads work with -pthread
configure:5123: gcc -o conftest -g -O2 -pthread   conftest.c   >&5
configure:5123: $? = 0
configure:5132: result: yes
configure:5151: checking for joinable pthread attribute
configure:5166: gcc -o conftest -g -O2 -pthread   conftest.c   >&5
configure:5166: $? = 0
configure:5172: result: PTHREAD_CREATE_JOINABLE
configure:5182: checking if more special flags are required for pthreads
configure:5189: result: no
configure:5331: checking how to run the C preprocessor
configure:5362: gcc -E -pthread conftest.c
configure:5362: $? = 0
configure:5376: gcc -E -pthread conftest.c
conftest.c:12:10: fatal error: ac_nonexistent.h: No such file or directory
 #include <ac_nonexistent.h>
          ^~~~~~~~~~~~~~~~~~
compilation terminated.
configure:5376: $? = 1
configure: failed program was:
| /* confdefs.h */
| #define PACKAGE_NAME "pHash"
| #define PACKAGE_TARNAME "phash"
| #define PACKAGE_VERSION "0.9.6"
| #define PACKAGE_STRING "pHash 0.9.6"
| #define PACKAGE_BUGREPORT "support@phash.org"
| #define PACKAGE_URL ""
| #define PACKAGE "pHash"
| #define VERSION "0.9.6"
| #define HAVE_PTHREAD 1
| /* end confdefs.h.  */
| #include <ac_nonexistent.h>
configure:5401: result: gcc -E
configure:5421: gcc -E -pthread conftest.c
configure:5421: $? = 0
configure:5435: gcc -E -pthread conftest.c
conftest.c:12:10: fatal error: ac_nonexistent.h: No such file or directory
 #include <ac_nonexistent.h>
          ^~~~~~~~~~~~~~~~~~
compilation terminated.
configure:5435: $? = 1
configure: failed program was:
| /* confdefs.h */
| #define PACKAGE_NAME "pHash"
| #define PACKAGE_TARNAME "phash"
| #define PACKAGE_VERSION "0.9.6"
| #define PACKAGE_STRING "pHash 0.9.6"
| #define PACKAGE_BUGREPORT "support@phash.org"
| #define PACKAGE_URL ""
| #define PACKAGE "pHash"
| #define VERSION "0.9.6"
| #define HAVE_PTHREAD 1
| /* end confdefs.h.  */
| #include <ac_nonexistent.h>
configure:5464: checking for grep that handles long lines and -e
configure:5522: result: /bin/grep
configure:5527: checking for egrep
configure:5589: result: /bin/grep -E
configure:5594: checking for ANSI C header files
configure:5614: gcc -c -g -O2 -pthread conftest.c >&5
configure:5614: $? = 0
configure:5687: gcc -o conftest -g -O2 -pthread  conftest.c   >&5
configure:5687: $? = 0
configure:5687: ./conftest
configure:5687: $? = 0
configure:5698: result: yes
configure:5711: checking for sys/types.h
configure:5711: gcc -c -g -O2 -pthread conftest.c >&5
configure:5711: $? = 0
configure:5711: result: yes
configure:5711: checking for sys/stat.h
configure:5711: gcc -c -g -O2 -pthread conftest.c >&5
configure:5711: $? = 0
configure:5711: result: yes
configure:5711: checking for stdlib.h
configure:5711: gcc -c -g -O2 -pthread conftest.c >&5
configure:5711: $? = 0
configure:5711: result: yes
configure:5711: checking for string.h
configure:5711: gcc -c -g -O2 -pthread conftest.c >&5
configure:5711: $? = 0
configure:5711: result: yes
configure:5711: checking for memory.h
configure:5711: gcc -c -g -O2 -pthread conftest.c >&5
configure:5711: $? = 0
configure:5711: result: yes
configure:5711: checking for strings.h
configure:5711: gcc -c -g -O2 -pthread conftest.c >&5
configure:5711: $? = 0
configure:5711: result: yes
configure:5711: checking for inttypes.h
configure:5711: gcc -c -g -O2 -pthread conftest.c >&5
configure:5711: $? = 0
configure:5711: result: yes
configure:5711: checking for stdint.h
configure:5711: gcc -c -g -O2 -pthread conftest.c >&5
configure:5711: $? = 0
configure:5711: result: yes
configure:5711: checking for unistd.h
configure:5711: gcc -c -g -O2 -pthread conftest.c >&5
configure:5711: $? = 0
configure:5711: result: yes
configure:5782: checking whether ln -s works
configure:5786: result: yes
configure:5839: checking how to print strings
configure:5866: result: printf
configure:5887: checking for a sed that does not truncate output
configure:5951: result: /bin/sed
configure:5969: checking for fgrep
configure:6031: result: /bin/grep -F
configure:6066: checking for ld used by gcc
configure:6133: result: /usr/bin/ld
configure:6140: checking if the linker (/usr/bin/ld) is GNU ld
configure:6155: result: yes
configure:6167: checking for BSD- or MS-compatible name lister (nm)
configure:6221: result: /usr/bin/nm -B
configure:6351: checking the name lister (/usr/bin/nm -B) interface
configure:6358: g++ -c  -O2 -ffast-math -O3 -pthread conftest.cpp >&5
configure:6361: /usr/bin/nm -B "conftest.o"
configure:6364: output
0000000000000000 B some_variable
configure:6371: result: BSD nm
configure:6375: checking the maximum length of command line arguments
configure:6506: result: 1572864
configure:6554: checking how to convert x86_64-unknown-linux-gnu file names to x86_64-unknown-linux-gnu format
configure:6594: result: func_convert_file_noop
configure:6601: checking how to convert x86_64-unknown-linux-gnu file names to toolchain format
configure:6621: result: func_convert_file_noop
configure:6628: checking for /usr/bin/ld option to reload object files
configure:6635: result: -r
configure:6709: checking for objdump
configure:6725: found /usr/bin/objdump
configure:6736: result: objdump
configure:6768: checking how to recognize dependent libraries
configure:6968: result: pass_all
configure:7053: checking for dlltool
configure:7083: result: no
configure:7113: checking how to associate runtime and link libraries
configure:7140: result: printf %s\n
configure:7201: checking for ar
configure:7217: found /usr/bin/ar
configure:7228: result: ar
configure:7265: checking for archiver @FILE support
configure:7282: g++ -c  -O2 -ffast-math -O3 -pthread conftest.cpp >&5
configure:7282: $? = 0
configure:7285: ar cru libconftest.a @conftest.lst >&5
ar: `u' modifier ignored since `D' is the default (see `U')
configure:7288: $? = 0
configure:7293: ar cru libconftest.a @conftest.lst >&5
ar: `u' modifier ignored since `D' is the default (see `U')
ar: conftest.o: No such file or directory
configure:7296: $? = 1
configure:7308: result: @
configure:7366: checking for strip
configure:7382: found /usr/bin/strip
configure:7393: result: strip
configure:7465: checking for ranlib
configure:7481: found /usr/bin/ranlib
configure:7492: result: ranlib
configure:7594: checking command to parse /usr/bin/nm -B output from gcc object
configure:7747: g++ -c  -O2 -ffast-math -O3 -pthread conftest.cpp >&5
configure:7750: $? = 0
configure:7754: /usr/bin/nm -B conftest.o \| sed -n -e 's/^.*[ ]\([ABCDGIRSTW][ABCDGIRSTW]*\)[ ][ ]*\([_A-Za-z][_A-Za-z0-9]*\)$/\1 \2 \2/p' | sed '/ __gnu_lto/d' \> conftest.nm
configure:7757: $? = 0
configure:7823: g++ -o conftest  -O2 -ffast-math -O3 -pthread  conftest.cpp conftstm.o >&5
configure:7826: $? = 0
configure:7864: result: ok
configure:7911: checking for sysroot
configure:7941: result: no
configure:7948: checking for a working dd
configure:7986: result: /bin/dd
configure:7990: checking how to truncate binary pipes
configure:8005: result: /bin/dd bs=4096 count=1
configure:8141: g++ -c  -O2 -ffast-math -O3 -pthread conftest.cpp >&5
configure:8144: $? = 0
configure:8334: checking for mt
configure:8350: found /bin/mt
configure:8361: result: mt
configure:8384: checking if mt is a manifest tool
configure:8390: mt '-?'
configure:8398: result: no
configure:9072: checking for dlfcn.h
configure:9072: g++ -c  -O2 -ffast-math -O3 -pthread conftest.cpp >&5
configure:9072: $? = 0
configure:9072: result: yes
configure:9338: checking for objdir
configure:9353: result: .libs
configure:9613: checking if gcc supports -fno-rtti -fno-exceptions
configure:9631: gcc -c -g -O2 -pthread -fno-rtti -fno-exceptions conftest.c >&5
cc1: warning: command line option '-fno-rtti' is valid for C++/ObjC++ but not for C
configure:9635: $? = 0
configure:9648: result: no
configure:10006: checking for gcc option to produce PIC
configure:10013: result: -fPIC -DPIC
configure:10021: checking if gcc PIC flag -fPIC -DPIC works
configure:10039: gcc -c -g -O2 -pthread -fPIC -DPIC -DPIC conftest.c >&5
configure:10043: $? = 0
configure:10056: result: yes
configure:10085: checking if gcc static flag -static works
configure:10113: result: yes
configure:10128: checking if gcc supports -c -o file.o
configure:10149: gcc -c -g -O2 -pthread -o out/conftest2.o conftest.c >&5
configure:10153: $? = 0
configure:10175: result: yes
configure:10183: checking if gcc supports -c -o file.o
configure:10230: result: yes
configure:10263: checking whether the gcc linker (/usr/bin/ld -m elf_x86_64) supports shared libraries
configure:11526: result: yes
configure:11563: checking whether -lc should be explicitly linked in
configure:11571: gcc -c -g -O2 -pthread conftest.c >&5
configure:11574: $? = 0
configure:11589: gcc -shared  -fPIC -DPIC conftest.o  -v -Wl,-soname -Wl,conftest -o conftest 2\>\&1 \| /bin/grep  -lc  \>/dev/null 2\>\&1
configure:11592: $? = 0
configure:11606: result: no
configure:11766: checking dynamic linker characteristics
configure:12347: gcc -o conftest -g -O2 -pthread  -Wl,-rpath -Wl,/foo conftest.c   >&5
configure:12347: $? = 0
configure:12596: result: GNU/Linux ld.so
configure:12718: checking how to hardcode library paths into programs
configure:12743: result: immediate
configure:13291: checking whether stripping libraries is possible
configure:13296: result: yes
configure:13331: checking if libtool supports shared libraries
configure:13333: result: yes
configure:13336: checking whether to build shared libraries
configure:13361: result: yes
configure:13364: checking whether to build static libraries
configure:13368: result: yes
configure:13391: checking how to run the C++ preprocessor
configure:13418: g++ -E -pthread conftest.cpp
configure:13418: $? = 0
configure:13432: g++ -E -pthread conftest.cpp
conftest.cpp:24:10: fatal error: ac_nonexistent.h: No such file or directory
 #include <ac_nonexistent.h>
          ^~~~~~~~~~~~~~~~~~
compilation terminated.
configure:13432: $? = 1
configure: failed program was:
| /* confdefs.h */
| #define PACKAGE_NAME "pHash"
| #define PACKAGE_TARNAME "phash"
| #define PACKAGE_VERSION "0.9.6"
| #define PACKAGE_STRING "pHash 0.9.6"
| #define PACKAGE_BUGREPORT "support@phash.org"
| #define PACKAGE_URL ""
| #define PACKAGE "pHash"
| #define VERSION "0.9.6"
| #define HAVE_PTHREAD 1
| #define STDC_HEADERS 1
| #define HAVE_SYS_TYPES_H 1
| #define HAVE_SYS_STAT_H 1
| #define HAVE_STDLIB_H 1
| #define HAVE_STRING_H 1
| #define HAVE_MEMORY_H 1
| #define HAVE_STRINGS_H 1
| #define HAVE_INTTYPES_H 1
| #define HAVE_STDINT_H 1
| #define HAVE_UNISTD_H 1
| #define HAVE_DLFCN_H 1
| #define LT_OBJDIR ".libs/"
| /* end confdefs.h.  */
| #include <ac_nonexistent.h>
configure:13457: result: g++ -E
configure:13477: g++ -E -pthread conftest.cpp
configure:13477: $? = 0
configure:13491: g++ -E -pthread conftest.cpp
conftest.cpp:24:10: fatal error: ac_nonexistent.h: No such file or directory
 #include <ac_nonexistent.h>
          ^~~~~~~~~~~~~~~~~~
compilation terminated.
configure:13491: $? = 1
configure: failed program was:
| /* confdefs.h */
| #define PACKAGE_NAME "pHash"
| #define PACKAGE_TARNAME "phash"
| #define PACKAGE_VERSION "0.9.6"
| #define PACKAGE_STRING "pHash 0.9.6"
| #define PACKAGE_BUGREPORT "support@phash.org"
| #define PACKAGE_URL ""
| #define PACKAGE "pHash"
| #define VERSION "0.9.6"
| #define HAVE_PTHREAD 1
| #define STDC_HEADERS 1
| #define HAVE_SYS_TYPES_H 1
| #define HAVE_SYS_STAT_H 1
| #define HAVE_STDLIB_H 1
| #define HAVE_STRING_H 1
| #define HAVE_MEMORY_H 1
| #define HAVE_STRINGS_H 1
| #define HAVE_INTTYPES_H 1
| #define HAVE_STDINT_H 1
| #define HAVE_UNISTD_H 1
| #define HAVE_DLFCN_H 1
| #define LT_OBJDIR ".libs/"
| /* end confdefs.h.  */
| #include <ac_nonexistent.h>
configure:13653: checking for ld used by g++
configure:13720: result: /usr/bin/ld -m elf_x86_64
configure:13727: checking if the linker (/usr/bin/ld -m elf_x86_64) is GNU ld
configure:13742: result: yes
configure:13797: checking whether the g++ linker (/usr/bin/ld -m elf_x86_64) supports shared libraries
configure:14870: result: yes
configure:14906: g++ -c  -O2 -ffast-math -O3 -pthread conftest.cpp >&5
configure:14909: $? = 0
configure:15390: checking for g++ option to produce PIC
configure:15397: result: -fPIC -DPIC
configure:15405: checking if g++ PIC flag -fPIC -DPIC works
configure:15423: g++ -c  -O2 -ffast-math -O3 -pthread -fPIC -DPIC -DPIC conftest.cpp >&5
configure:15427: $? = 0
configure:15440: result: yes
configure:15463: checking if g++ static flag -static works
configure:15491: result: yes
configure:15503: checking if g++ supports -c -o file.o
configure:15524: g++ -c  -O2 -ffast-math -O3 -pthread -o out/conftest2.o conftest.cpp >&5
configure:15528: $? = 0
configure:15550: result: yes
configure:15555: checking if g++ supports -c -o file.o
configure:15602: result: yes
configure:15632: checking whether the g++ linker (/usr/bin/ld -m elf_x86_64) supports shared libraries
configure:15675: result: yes
configure:15816: checking dynamic linker characteristics
configure:16573: result: GNU/Linux ld.so
configure:16638: checking how to hardcode library paths into programs
configure:16663: result: immediate
configure:16757: checking CImg.h usability
configure:16757: g++ -c  -O2 -ffast-math -O3 -pthread -I/usr/local/include conftest.cpp >&5
configure:16757: $? = 0
configure:16757: result: yes
configure:16757: checking CImg.h presence
configure:16757: g++ -E -pthread -I/usr/local/include conftest.cpp
configure:16757: $? = 0
configure:16757: result: yes
configure:16757: checking for CImg.h
configure:16757: result: yes
configure:16808: checking whether FFmpeg is present
configure:16810: checking for avcodec_decode_video2 in -lavcodec
configure:16835: g++ -o conftest  -O2 -ffast-math -O3 -pthread -I/usr/local/include  -L/usr/local/lib conftest.cpp -lavcodec    >&5
configure:16835: $? = 0
configure:16844: result: yes
configure:16861: checking for av_log_set_level in -lavutil
configure:16886: g++ -o conftest  -O2 -ffast-math -O3 -pthread -I/usr/local/include  -L/usr/local/lib conftest.cpp -lavutil  -lavcodec   >&5
configure:16886: $? = 0
configure:16895: result: yes
configure:16912: checking for av_read_frame in -lavformat
configure:16937: g++ -o conftest  -O2 -ffast-math -O3 -pthread -I/usr/local/include  -L/usr/local/lib conftest.cpp -lavformat  -lavutil -lavcodec   >&5
configure:16937: $? = 0
configure:16946: result: yes
configure:16963: checking for sws_getContext in -lswscale
configure:16988: g++ -o conftest  -O2 -ffast-math -O3 -pthread -I/usr/local/include  -L/usr/local/lib conftest.cpp -lswscale  -lavformat -lavutil -lavcodec   >&5
configure:16988: $? = 0
configure:16997: result: yes
configure:17074: checking whether sndfile lib is present
configure:17076: checking for sf_readf_float in -lsndfile
configure:17101: g++ -o conftest  -O2 -ffast-math -O3 -pthread -I/usr/local/include -I/usr/include/ffmpeg  -L/usr/local/lib conftest.cpp -lsndfile  -lswscale -lavformat -lavutil -lavcodec   >&5
configure:17101: $? = 0
configure:17110: result: yes
configure:17131: checking whether samplerate lib is present
configure:17133: checking for src_process in -lsamplerate
configure:17158: g++ -o conftest  -O2 -ffast-math -O3 -pthread -I/usr/local/include -I/usr/include/ffmpeg  -L/usr/local/lib conftest.cpp -lsamplerate  -lsndfile -lswscale -lavformat -lavutil -lavcodec   >&5
configure:17158: $? = 0
configure:17167: result: yes
configure:17187: checking whether libmpg123 is present
configure:17189: checking for mpg123_init in -lmpg123
configure:17214: g++ -o conftest  -O2 -ffast-math -O3 -pthread -I/usr/local/include -I/usr/include/ffmpeg  -L/usr/local/lib conftest.cpp -lmpg123  -lsamplerate -lsndfile -lswscale -lavformat -lavutil -lavcodec   >&5
configure:17214: $? = 0
configure:17223: result: yes
configure:17279: checking for png_create_read_struct in -lpng
configure:17304: g++ -o conftest  -O2 -ffast-math -O3 -pthread -I/usr/local/include -I/usr/include/ffmpeg  -L/usr/local/lib conftest.cpp -lpng  -lmpg123 -lsamplerate -lsndfile -lswscale -lavformat -lavutil -lavcodec   >&5
configure:17304: $? = 0
configure:17313: result: yes
configure:17328: checking for jpeg_read_header in -ljpeg
configure:17353: g++ -o conftest  -O2 -ffast-math -O3 -pthread -I/usr/local/include -I/usr/include/ffmpeg -Dcimg_use_png  -L/usr/local/lib conftest.cpp -ljpeg  -lmpg123 -lsamplerate -lsndfile -lswscale -lavformat -lavutil -lavcodec   -lpng >&5
configure:17353: $? = 0
configure:17362: result: yes
configure:17379: checking for fftw_plan_dft_r2c_1d in -lfftw3
configure:17404: g++ -o conftest  -O2 -ffast-math -O3 -pthread -I/usr/local/include -I/usr/include/ffmpeg -Dcimg_use_png -Dcimg_use_jpeg  -L/usr/local/lib conftest.cpp -lfftw3  -lmpg123 -lsamplerate -lsndfile -lswscale -lavformat -lavutil -lavcodec   -lpng -ljpeg >&5
configure:17404: $? = 0
configure:17413: result: yes
configure:17430: checking for size_t
configure:17430: g++ -c  -O2 -ffast-math -O3 -pthread -I/usr/local/include -I/usr/include/ffmpeg -Dcimg_use_png -Dcimg_use_jpeg -Dcimg_use_fftw3 conftest.cpp >&5
configure:17430: $? = 0
configure:17430: g++ -c  -O2 -ffast-math -O3 -pthread -I/usr/local/include -I/usr/include/ffmpeg -Dcimg_use_png -Dcimg_use_jpeg -Dcimg_use_fftw3 conftest.cpp >&5
conftest.cpp: In function 'int main()':
conftest.cpp:70:20: error: expected primary-expression before ')' token
 if (sizeof ((size_t)))
                    ^
configure:17430: $? = 1
configure: failed program was:
| /* confdefs.h */
| #define PACKAGE_NAME "pHash"
| #define PACKAGE_TARNAME "phash"
| #define PACKAGE_VERSION "0.9.6"
| #define PACKAGE_STRING "pHash 0.9.6"
| #define PACKAGE_BUGREPORT "support@phash.org"
| #define PACKAGE_URL ""
| #define PACKAGE "pHash"
| #define VERSION "0.9.6"
| #define HAVE_PTHREAD 1
| #define STDC_HEADERS 1
| #define HAVE_SYS_TYPES_H 1
| #define HAVE_SYS_STAT_H 1
| #define HAVE_STDLIB_H 1
| #define HAVE_STRING_H 1
| #define HAVE_MEMORY_H 1
| #define HAVE_STRINGS_H 1
| #define HAVE_INTTYPES_H 1
| #define HAVE_STDINT_H 1
| #define HAVE_UNISTD_H 1
| #define HAVE_DLFCN_H 1
| #define LT_OBJDIR ".libs/"
| #define HAVE_IMAGE_HASH 1
| #define HAVE_LIBAVCODEC 1
| #define HAVE_LIBAVUTIL 1
| #define HAVE_LIBAVFORMAT 1
| #define HAVE_LIBSWSCALE 1
| #define HAVE_VIDEO_HASH 1
| #define HAVE_LIBSNDFILE 1
| #define HAVE_LIBSAMPLERATE 1
| #define HAVE_LIBMPG123 1
| #define HAVE_AUDIO_HASH 1
| /* end confdefs.h.  */
| #include <stdio.h>
| #ifdef HAVE_SYS_TYPES_H
| # include <sys/types.h>
| #endif
| #ifdef HAVE_SYS_STAT_H
| # include <sys/stat.h>
| #endif
| #ifdef STDC_HEADERS
| # include <stdlib.h>
| # include <stddef.h>
| #else
| # ifdef HAVE_STDLIB_H
| #  include <stdlib.h>
| # endif
| #endif
| #ifdef HAVE_STRING_H
| # if !defined STDC_HEADERS && defined HAVE_MEMORY_H
| #  include <memory.h>
| # endif
| # include <string.h>
| #endif
| #ifdef HAVE_STRINGS_H
| # include <strings.h>
| #endif
| #ifdef HAVE_INTTYPES_H
| # include <inttypes.h>
| #endif
| #ifdef HAVE_STDINT_H
| # include <stdint.h>
| #endif
| #ifdef HAVE_UNISTD_H
| # include <unistd.h>
| #endif
| int
| main ()
| {
| if (sizeof ((size_t)))
| 	    return 0;
|   ;
|   return 0;
| }
configure:17430: result: yes
configure:17441: checking for uint32_t
configure:17441: g++ -c  -O2 -ffast-math -O3 -pthread -I/usr/local/include -I/usr/include/ffmpeg -Dcimg_use_png -Dcimg_use_jpeg -Dcimg_use_fftw3 conftest.cpp >&5
configure:17441: $? = 0
configure:17441: result: yes
configure:17455: checking for uint8_t
configure:17455: g++ -c  -O2 -ffast-math -O3 -pthread -I/usr/local/include -I/usr/include/ffmpeg -Dcimg_use_png -Dcimg_use_jpeg -Dcimg_use_fftw3 conftest.cpp >&5
configure:17455: $? = 0
configure:17455: result: yes
configure:17469: checking for uint64_t
configure:17469: g++ -c  -O2 -ffast-math -O3 -pthread -I/usr/local/include -I/usr/include/ffmpeg -Dcimg_use_png -Dcimg_use_jpeg -Dcimg_use_fftw3 conftest.cpp >&5
configure:17469: $? = 0
configure:17469: g++ -c  -O2 -ffast-math -O3 -pthread -I/usr/local/include -I/usr/include/ffmpeg -Dcimg_use_png -Dcimg_use_jpeg -Dcimg_use_fftw3 conftest.cpp >&5
conftest.cpp: In function 'int main()':
conftest.cpp:70:22: error: expected primary-expression before ')' token
 if (sizeof ((uint64_t)))
                      ^
configure:17469: $? = 1
configure: failed program was:
| /* confdefs.h */
| #define PACKAGE_NAME "pHash"
| #define PACKAGE_TARNAME "phash"
| #define PACKAGE_VERSION "0.9.6"
| #define PACKAGE_STRING "pHash 0.9.6"
| #define PACKAGE_BUGREPORT "support@phash.org"
| #define PACKAGE_URL ""
| #define PACKAGE "pHash"
| #define VERSION "0.9.6"
| #define HAVE_PTHREAD 1
| #define STDC_HEADERS 1
| #define HAVE_SYS_TYPES_H 1
| #define HAVE_SYS_STAT_H 1
| #define HAVE_STDLIB_H 1
| #define HAVE_STRING_H 1
| #define HAVE_MEMORY_H 1
| #define HAVE_STRINGS_H 1
| #define HAVE_INTTYPES_H 1
| #define HAVE_STDINT_H 1
| #define HAVE_UNISTD_H 1
| #define HAVE_DLFCN_H 1
| #define LT_OBJDIR ".libs/"
| #define HAVE_IMAGE_HASH 1
| #define HAVE_LIBAVCODEC 1
| #define HAVE_LIBAVUTIL 1
| #define HAVE_LIBAVFORMAT 1
| #define HAVE_LIBSWSCALE 1
| #define HAVE_VIDEO_HASH 1
| #define HAVE_LIBSNDFILE 1
| #define HAVE_LIBSAMPLERATE 1
| #define HAVE_LIBMPG123 1
| #define HAVE_AUDIO_HASH 1
| /* end confdefs.h.  */
| #include <stdio.h>
| #ifdef HAVE_SYS_TYPES_H
| # include <sys/types.h>
| #endif
| #ifdef HAVE_SYS_STAT_H
| # include <sys/stat.h>
| #endif
| #ifdef STDC_HEADERS
| # include <stdlib.h>
| # include <stddef.h>
| #else
| # ifdef HAVE_STDLIB_H
| #  include <stdlib.h>
| # endif
| #endif
| #ifdef HAVE_STRING_H
| # if !defined STDC_HEADERS && defined HAVE_MEMORY_H
| #  include <memory.h>
| # endif
| # include <string.h>
| #endif
| #ifdef HAVE_STRINGS_H
| # include <strings.h>
| #endif
| #ifdef HAVE_INTTYPES_H
| # include <inttypes.h>
| #endif
| #ifdef HAVE_STDINT_H
| # include <stdint.h>
| #endif
| #ifdef HAVE_UNISTD_H
| # include <unistd.h>
| #endif
| int
| main ()
| {
| if (sizeof ((uint64_t)))
| 	    return 0;
|   ;
|   return 0;
| }
configure:17469: result: yes
configure:17591: checking that generated files are newer than configure
configure:17597: result: done
configure:17644: creating ./config.status

## ---------------- ##
## Cache variables. ##
## ---------------- ##

ac_cv_build=x86_64-unknown-linux-gnu
ac_cv_c_compiler_gnu=yes
ac_cv_c_uint32_t=yes
ac_cv_c_uint8_t=yes
ac_cv_cxx_compiler_gnu=yes
ac_cv_env_CCC_set=
ac_cv_env_CCC_value=
ac_cv_env_CC_set=
ac_cv_env_CC_value=
ac_cv_env_CFLAGS_set=
ac_cv_env_CFLAGS_value=
ac_cv_env_CPPFLAGS_set=
ac_cv_env_CPPFLAGS_value=
ac_cv_env_CPP_set=
ac_cv_env_CPP_value=
ac_cv_env_CXXCPP_set=
ac_cv_env_CXXCPP_value=
ac_cv_env_CXXFLAGS_set=
ac_cv_env_CXXFLAGS_value=
ac_cv_env_CXX_set=
ac_cv_env_CXX_value=
ac_cv_env_LDFLAGS_set=
ac_cv_env_LDFLAGS_value=
ac_cv_env_LIBS_set=
ac_cv_env_LIBS_value=
ac_cv_env_LT_SYS_LIBRARY_PATH_set=
ac_cv_env_LT_SYS_LIBRARY_PATH_value=
ac_cv_env_build_alias_set=
ac_cv_env_build_alias_value=
ac_cv_env_host_alias_set=
ac_cv_env_host_alias_value=
ac_cv_env_target_alias_set=
ac_cv_env_target_alias_value=
ac_cv_file__etc_SuSErelease=no
ac_cv_file__etc_debian_version=yes
ac_cv_file__etc_gentoo_release=no
ac_cv_file__etc_redhat_release=no
ac_cv_file__etc_slackware_version=no
ac_cv_header_CImg_h=yes
ac_cv_header_dlfcn_h=yes
ac_cv_header_inttypes_h=yes
ac_cv_header_memory_h=yes
ac_cv_header_stdc=yes
ac_cv_header_stdint_h=yes
ac_cv_header_stdlib_h=yes
ac_cv_header_string_h=yes
ac_cv_header_strings_h=yes
ac_cv_header_sys_stat_h=yes
ac_cv_header_sys_types_h=yes
ac_cv_header_unistd_h=yes
ac_cv_host=x86_64-unknown-linux-gnu
ac_cv_lib_avcodec_avcodec_decode_video2=yes
ac_cv_lib_avformat_av_read_frame=yes
ac_cv_lib_avutil_av_log_set_level=yes
ac_cv_lib_fftw3_fftw_plan_dft_r2c_1d=yes
ac_cv_lib_jpeg_jpeg_read_header=yes
ac_cv_lib_mpg123_mpg123_init=yes
ac_cv_lib_png_png_create_read_struct=yes
ac_cv_lib_samplerate_src_process=yes
ac_cv_lib_sndfile_sf_readf_float=yes
ac_cv_lib_swscale_sws_getContext=yes
ac_cv_objext=o
ac_cv_path_EGREP='/bin/grep -E'
ac_cv_path_FGREP='/bin/grep -F'
ac_cv_path_GREP=/bin/grep
ac_cv_path_SED=/bin/sed
ac_cv_path_install='/usr/bin/install -c'
ac_cv_path_lt_DD=/bin/dd
ac_cv_path_mkdir=/bin/mkdir
ac_cv_prog_AWK=mawk
ac_cv_prog_CPP='gcc -E'
ac_cv_prog_CXXCPP='g++ -E'
ac_cv_prog_ac_ct_AR=ar
ac_cv_prog_ac_ct_CC=gcc
ac_cv_prog_ac_ct_CXX=g++
ac_cv_prog_ac_ct_MANIFEST_TOOL=mt
ac_cv_prog_ac_ct_OBJDUMP=objdump
ac_cv_prog_ac_ct_RANLIB=ranlib
ac_cv_prog_ac_ct_STRIP=strip
ac_cv_prog_cc_c89=
ac_cv_prog_cc_g=yes
ac_cv_prog_cxx_g=yes
ac_cv_prog_make_make_set=yes
ac_cv_type_size_t=yes
ac_cv_type_uint64_t=yes
am_cv_CC_dependencies_compiler_type=gcc3
am_cv_CXX_dependencies_compiler_type=gcc3
am_cv_make_support_nested_variables=yes
am_cv_prog_cc_c_o=yes
lt_cv_ar_at_file=@
lt_cv_archive_cmds_need_lc=no
lt_cv_deplibs_check_method=pass_all
lt_cv_file_magic_cmd='$MAGIC_CMD'
lt_cv_file_magic_test_file=
lt_cv_ld_reload_flag=-r
lt_cv_nm_interface='BSD nm'
lt_cv_objdir=.libs
lt_cv_path_LD=/usr/bin/ld
lt_cv_path_LDCXX='/usr/bin/ld -m elf_x86_64'
lt_cv_path_NM='/usr/bin/nm -B'
lt_cv_path_mainfest_tool=no
lt_cv_prog_compiler_c_o=yes
lt_cv_prog_compiler_c_o_CXX=yes
lt_cv_prog_compiler_pic='-fPIC -DPIC'
lt_cv_prog_compiler_pic_CXX='-fPIC -DPIC'
lt_cv_prog_compiler_pic_works=yes
lt_cv_prog_compiler_pic_works_CXX=yes
lt_cv_prog_compiler_rtti_exceptions=no
lt_cv_prog_compiler_static_works=yes
lt_cv_prog_compiler_static_works_CXX=yes
lt_cv_prog_gnu_ld=yes
lt_cv_prog_gnu_ldcxx=yes
lt_cv_sharedlib_from_linklib_cmd='printf %s\n'
lt_cv_shlibpath_overrides_runpath=yes
lt_cv_sys_global_symbol_pipe='sed -n -e '\''s/^.*[	 ]\([ABCDGIRSTW][ABCDGIRSTW]*\)[	 ][	 ]*\([_A-Za-z][_A-Za-z0-9]*\)$/\1 \2 \2/p'\'' | sed '\''/ __gnu_lto/d'\'''
lt_cv_sys_global_symbol_to_c_name_address='sed -n -e '\''s/^: \(.*\) .*$/  {"\1", (void *) 0},/p'\'' -e '\''s/^[ABCDGIRSTW][ABCDGIRSTW]* .* \(.*\)$/  {"\1", (void *) \&\1},/p'\'''
lt_cv_sys_global_symbol_to_c_name_address_lib_prefix='sed -n -e '\''s/^: \(.*\) .*$/  {"\1", (void *) 0},/p'\'' -e '\''s/^[ABCDGIRSTW][ABCDGIRSTW]* .* \(lib.*\)$/  {"\1", (void *) \&\1},/p'\'' -e '\''s/^[ABCDGIRSTW][ABCDGIRSTW]* .* \(.*\)$/  {"lib\1", (void *) \&\1},/p'\'''
lt_cv_sys_global_symbol_to_cdecl='sed -n -e '\''s/^T .* \(.*\)$/extern int \1();/p'\'' -e '\''s/^[ABCDGIRSTW][ABCDGIRSTW]* .* \(.*\)$/extern char \1;/p'\'''
lt_cv_sys_global_symbol_to_import=
lt_cv_sys_max_cmd_len=1572864
lt_cv_to_host_file_cmd=func_convert_file_noop
lt_cv_to_tool_file_cmd=func_convert_file_noop
lt_cv_truncate_bin='/bin/dd bs=4096 count=1'

## ----------------- ##
## Output variables. ##
## ----------------- ##

ACLOCAL='aclocal-1.15'
AMDEPBACKSLASH='\'
AMDEP_FALSE='#'
AMDEP_TRUE=''
AMTAR='$${TAR-tar}'
AM_BACKSLASH='\'
AM_DEFAULT_V='$(AM_DEFAULT_VERBOSITY)'
AM_DEFAULT_VERBOSITY='1'
AM_V='$(V)'
AR='ar'
AUTOCONF='autoconf'
AUTOHEADER='autoheader'
AUTOMAKE='automake-1.15'
AWK='mawk'
CC='gcc'
CCDEPMODE='depmode=gcc3'
CFLAGS=' -O2 -ffast-math -O3'
CPP='gcc -E'
CPPFLAGS='-pthread -I/usr/local/include -I/usr/include/ffmpeg -Dcimg_use_png -Dcimg_use_jpeg -Dcimg_use_fftw3'
CXX='g++'
CXXCPP='g++ -E'
CXXDEPMODE='depmode=gcc3'
CXXFLAGS=' -O2 -ffast-math -O3'
CYGPATH_W='echo'
DEFS='-DHAVE_CONFIG_H'
DEPDIR='.deps'
DLLTOOL='false'
DSYMUTIL=''
DUMPBIN=''
ECHO_C=''
ECHO_N='-n'
ECHO_T=''
EGREP='/bin/grep -E'
EXEEXT=''
FGREP='/bin/grep -F'
GREP='/bin/grep'
HAVE_AUDIO_HASH_FALSE='#'
HAVE_AUDIO_HASH_TRUE=''
HAVE_IMAGE_HASH_FALSE='#'
HAVE_IMAGE_HASH_TRUE=''
HAVE_PTHREAD_FALSE='#'
HAVE_PTHREAD_TRUE=''
HAVE_VIDEO_HASH_FALSE='#'
HAVE_VIDEO_HASH_TRUE=''
INSTALL_DATA='${INSTALL} -m 644'
INSTALL_PROGRAM='${INSTALL}'
INSTALL_SCRIPT='${INSTALL}'
INSTALL_STRIP_PROGRAM='$(install_sh) -c -s'
LD='/usr/bin/ld -m elf_x86_64'
LDFLAGS=' -L/usr/local/lib'
LIBOBJS=''
LIBS='-lmpg123 -lsamplerate -lsndfile -lswscale -lavformat -lavutil -lavcodec   -lpng -ljpeg -lfftw3'
LIBTOOL='$(SHELL) $(top_builddir)/libtool'
LIBTOOLS_DEPS=''
LIPO=''
LN_S='ln -s'
LTLIBOBJS=''
LT_SYS_LIBRARY_PATH=''
MAKEINFO='makeinfo'
MANIFEST_TOOL=':'
MKDIR_P='/bin/mkdir -p'
NM='/usr/bin/nm -B'
NMEDIT=''
OBJDUMP='objdump'
OBJEXT='o'
OTOOL64=''
OTOOL=''
PACKAGE='pHash'
PACKAGE_BUGREPORT='support@phash.org'
PACKAGE_NAME='pHash'
PACKAGE_STRING='pHash 0.9.6'
PACKAGE_TARNAME='phash'
PACKAGE_URL=''
PACKAGE_VERSION='0.9.6'
PATH_SEPARATOR=':'
PTHREAD_CC='gcc'
PTHREAD_CFLAGS='-pthread'
PTHREAD_LIBS=''
RANLIB='ranlib'
SED='/bin/sed'
SET_MAKE=''
SHELL='/bin/bash'
STRIP='strip'
VERSION='0.9.6'
WITH_JAVA_FALSE=''
WITH_JAVA_TRUE='#'
ac_ct_AR='ar'
ac_ct_CC='gcc'
ac_ct_CXX='g++'
ac_ct_DUMPBIN=''
am__EXEEXT_FALSE=''
am__EXEEXT_TRUE='#'
am__fastdepCC_FALSE='#'
am__fastdepCC_TRUE=''
am__fastdepCXX_FALSE='#'
am__fastdepCXX_TRUE=''
am__include='include'
am__isrc=''
am__leading_dot='.'
am__nodep='_no'
am__quote=''
am__tar='$${TAR-tar} chof - "$$tardir"'
am__untar='$${TAR-tar} xf -'
ax_pthread_config=''
bindir='${exec_prefix}/bin'
build='x86_64-unknown-linux-gnu'
build_alias=''
build_cpu='x86_64'
build_os='linux-gnu'
build_vendor='unknown'
datadir='${datarootdir}'
datarootdir='${prefix}/share'
docdir='${datarootdir}/doc/${PACKAGE_TARNAME}'
dvidir='${docdir}'
exec_prefix='${prefix}'
host='x86_64-unknown-linux-gnu'
host_alias=''
host_cpu='x86_64'
host_os='linux-gnu'
host_vendor='unknown'
htmldir='${docdir}'
includedir='${prefix}/include'
infodir='${datarootdir}/info'
install_sh='${SHELL} /home/vesh/a/multimedia/pHash/install-sh'
libdir='${exec_prefix}/lib'
libexecdir='${exec_prefix}/libexec'
localedir='${datarootdir}/locale'
localstatedir='${prefix}/var'
mandir='${datarootdir}/man'
mkdir_p='$(MKDIR_P)'
oldincludedir='/usr/include'
pdfdir='${docdir}'
prefix='/usr/local'
program_transform_name='s,x,x,'
psdir='${docdir}'
runstatedir='${localstatedir}/run'
sbindir='${exec_prefix}/sbin'
sharedstatedir='${prefix}/com'
sysconfdir='${prefix}/etc'
target_alias=''

## ----------- ##
## confdefs.h. ##
## ----------- ##

/* confdefs.h */
#define PACKAGE_NAME "pHash"
#define PACKAGE_TARNAME "phash"
#define PACKAGE_VERSION "0.9.6"
#define PACKAGE_STRING "pHash 0.9.6"
#define PACKAGE_BUGREPORT "support@phash.org"
#define PACKAGE_URL ""
#define PACKAGE "pHash"
#define VERSION "0.9.6"
#define HAVE_PTHREAD 1
#define STDC_HEADERS 1
#define HAVE_SYS_TYPES_H 1
#define HAVE_SYS_STAT_H 1
#define HAVE_STDLIB_H 1
#define HAVE_STRING_H 1
#define HAVE_MEMORY_H 1
#define HAVE_STRINGS_H 1
#define HAVE_INTTYPES_H 1
#define HAVE_STDINT_H 1
#define HAVE_UNISTD_H 1
#define HAVE_DLFCN_H 1
#define LT_OBJDIR ".libs/"
#define HAVE_IMAGE_HASH 1
#define HAVE_LIBAVCODEC 1
#define HAVE_LIBAVUTIL 1
#define HAVE_LIBAVFORMAT 1
#define HAVE_LIBSWSCALE 1
#define HAVE_VIDEO_HASH 1
#define HAVE_LIBSNDFILE 1
#define HAVE_LIBSAMPLERATE 1
#define HAVE_LIBMPG123 1
#define HAVE_AUDIO_HASH 1

configure: exit 0

## ---------------------- ##
## Running config.status. ##
## ---------------------- ##

This file was extended by pHash config.status 0.9.6, which was
generated by GNU Autoconf 2.69.  Invocation command line was

  CONFIG_FILES    = 
  CONFIG_HEADERS  = 
  CONFIG_LINKS    = 
  CONFIG_COMMANDS = 
  $ ./config.status 

on hss

config.status:1179: creating Makefile
config.status:1179: creating src/Makefile
config.status:1179: creating examples/Makefile
config.status:1179: creating pHash.pc
config.status:1179: creating bindings/Makefile
config.status:1179: creating bindings/java/Makefile
config.status:1179: creating config.h
config.status:1179: creating pHash-config.h
config.status:1360: pHash-config.h is unchanged
config.status:1408: executing depfiles commands
config.status:1408: executing libtool commands

## ---------------------- ##
## Running config.status. ##
## ---------------------- ##

This file was extended by pHash config.status 0.9.6, which was
generated by GNU Autoconf 2.69.  Invocation command line was

  CONFIG_FILES    = 
  CONFIG_HEADERS  = 
  CONFIG_LINKS    = 
  CONFIG_COMMANDS = 
  $ ./config.status config.h

on hss

config.status:1179: creating config.h
config.status:1360: config.h is unchanged
